<?xml version="1.0" encoding="UTF-8"?>
<!-- Generated by org.testng.reporters.JUnitReportReporter -->
<testsuite hostname="TestingServices" failures="0" tests="1" name="testcases.VerifyLoginTest" time="12.246" errors="0" timestamp="2023-08-10T09:04:58 IST" skipped="0">
  <testcase classname="testcases.VerifyLoginTest" name="testLogin" time="12.246"/>
  <system-out/>
</testsuite> <!-- testcases.VerifyLoginTest -->
